<?xml version="1.0" encoding="UTF-8"?>
<!-- Generated by org.testng.reporters.JUnitXMLReporter -->
<testsuite hostname="DESKTOP-SMRNT1F" name="Default test" tests="7" failures="0" timestamp="1 Dec 2022 17:13:13 GMT" time="59.148" errors="0">
  <testcase name="TC_Login_001" time="1.112" classname="com.testing.LoginTestFile"/>
  <testcase name="TC_Login_002" time="0.062" classname="com.testing.LoginTestFile"/>
  <testcase name="TC_Login_003_to_TC_Login_007" time="7.148" classname="com.testing.LoginTestFile"/>
  <testcase name="TC_Login_008" time="2.463" classname="com.testing.LoginTestFile"/>
  <testcase name="TC_Login_009" time="7.563" classname="com.testing.LoginTestFile"/>
  <testcase name="TC_Login_010" time="7.83" classname="com.testing.LoginTestFile"/>
  <testcase name="TC_Login_011" time="7.705" classname="com.testing.LoginTestFile"/>
</testsuite> <!-- Default test -->
